<?xml version="1.0" encoding="UTF-8"?>
<!-- Generated by org.testng.reporters.JUnitReportReporter -->
<testsuite hostname="DESKTOP-2NSIB7R" failures="0" tests="1" name="TestNg.Test1" time="0.010" errors="0" timestamp="2023-02-06T20:32:15 IST" skipped="0">
  <testcase classname="TestNg.Test1" name="demo" time="0.010"/>
  <system-out>
    <![CDATA[hello world
hello selenium trainer]]>
  </system-out>
</testsuite> <!-- TestNg.Test1 -->
