<?xml version="1.0" encoding="UTF-8"?>
<!-- Generated by org.testng.reporters.JUnitReportReporter -->
<testsuite hostname="DESKTOP-2NSIB7R" failures="0" tests="3" name="TestNg.Test2" time="0.017" errors="0" timestamp="2022-12-21T16:38:45 IST" skipped="0">
  <testcase classname="TestNg.Test2" name="setting" time="0.003"/>
  <system-out>
    <![CDATA[setting]]>
  </system-out>
  <testcase classname="TestNg.Test2" name="chat" time="0.013"/>
  <system-out>
    <![CDATA[chat]]>
  </system-out>
  <testcase classname="TestNg.Test2" name="call" time="0.001"/>
  <system-out>
    <![CDATA[call]]>
  </system-out>
</testsuite> <!-- TestNg.Test2 -->
