<?xml version="1.0" encoding="UTF-8"?>
<!-- Generated by org.testng.reporters.JUnitReportReporter -->
<testsuite hostname="DESKTOP-2NSIB7R" failures="0" tests="3" name="TestNg.Test4" time="0.011" errors="0" timestamp="2023-02-06T21:03:25 IST" skipped="1">
  <testcase classname="TestNg.Test4" name="setting" time="0.010"/>
  <system-out>
    <![CDATA[setting]]>
  </system-out>
  <testcase classname="TestNg.Test4" name="call" time="0.001"/>
  <system-out>
    <![CDATA[call]]>
  </system-out>
  <testcase classname="TestNg.Test4" name="chat">
    <skipped/>
  </testcase> <!-- chat -->
  <system-out/>
</testsuite> <!-- TestNg.Test4 -->
