<?xml version="1.0" encoding="UTF-8"?>
<!-- Generated by org.testng.reporters.JUnitReportReporter -->
<testsuite hostname="DESKTOP-2NSIB7R" failures="0" tests="1" name="TestNg.TestCase2" time="7.214" errors="0" timestamp="2022-12-23T13:39:48 IST" skipped="0">
  <testcase classname="TestNg.TestCase2" name="tc2" time="7.214"/>
  <system-out>
    <![CDATA[Forgotten Password | Can't Log In | Facebook
https://www.facebook.com/login/identify/?ctx=recover&ars=facebook_login&from_login_screen=0]]>
  </system-out>
</testsuite> <!-- TestNg.TestCase2 -->
