<?xml version="1.0" encoding="UTF-8"?>
<!-- Generated by org.testng.reporters.JUnitReportReporter -->
<testsuite hostname="DESKTOP-2NSIB7R" failures="0" tests="3" name="TestNg.Test3" time="0.012" errors="0" timestamp="2022-12-21T17:26:39 IST" skipped="1">
  <testcase classname="TestNg.Test3" name="setting" time="0.009"/>
  <system-out>
    <![CDATA[setting]]>
  </system-out>
  <testcase classname="TestNg.Test3" name="call" time="0.003"/>
  <system-out>
    <![CDATA[call]]>
  </system-out>
  <testcase classname="TestNg.Test3" name="chat">
    <skipped/>
  </testcase> <!-- chat -->
  <system-out/>
</testsuite> <!-- TestNg.Test3 -->
