<?xml version="1.0" encoding="UTF-8"?>
<!-- Generated by org.testng.reporters.JUnitReportReporter -->
<testsuite hostname="DESKTOP-2NSIB7R" failures="0" tests="1" name="TestNg.TestCase3" time="7.881" errors="0" timestamp="2022-12-23T13:39:48 IST" skipped="0">
  <testcase classname="TestNg.TestCase3" name="tc3" time="7.881"/>
  <system-out>
    <![CDATA[Log in to Facebook
https://www.facebook.com/login/?next=https%3A%2F%2Fwww.facebook.com%2Fpages%2Fcreate%2F%3Fref_type%3Dregistration_form]]>
  </system-out>
</testsuite> <!-- TestNg.TestCase3 -->
